autoscan: warning: missing AC_CHECK_HEADERS([float.h]) wanted by: 
	rcsc/geom/triangle/triangle.c:351
autoscan: warning: missing AC_CHECK_TYPES([ptrdiff_t]) wanted by: 
	rcsc/net/basic_socket.h:38
autoscan: warning: missing AC_FUNC_MKTIME wanted by: 
	src/resultprinter.cpp:186
	src/resultprinter.cpp:494
	src/resultprinter.cpp:518
autoscan: warning: missing AC_PATH_X wanted by: 
	rcsc/geom/triangle/showme.c:104
autoscan: warning: missing AC_PROG_RANLIB wanted by: 
	config/ltmain.sh:1601
autoscan: warning: missing AC_TYPE_INT16_T wanted by: 
	rcsc/rcg/types.h:46
autoscan: warning: missing AC_TYPE_INT32_T wanted by: 
	rcsc/common/audio_codec.h:146
	rcsc/common/audio_codec.h:153
	rcsc/common/audio_codec.h:161
	rcsc/common/audio_codec.h:168
	rcsc/common/audio_codec.h:177
	rcsc/common/audio_codec.h:186
	rcsc/common/logger.cpp:105
	rcsc/common/logger.cpp:150
	rcsc/common/logger.cpp:181
	rcsc/common/logger.cpp:207
	rcsc/common/logger.cpp:230
	rcsc/common/logger.cpp:258
	rcsc/common/logger.cpp:283
	rcsc/common/logger.cpp:315
	rcsc/common/logger.cpp:341
	rcsc/common/logger.cpp:370
	rcsc/common/logger.cpp:396
	rcsc/common/logger.cpp:428
	rcsc/common/logger.cpp:457
	rcsc/common/logger.cpp:487
	rcsc/common/logger.cpp:514
	rcsc/common/logger.cpp:547
	rcsc/common/logger.cpp:577
	rcsc/common/logger.cpp:609
	rcsc/common/logger.cpp:638
	rcsc/common/logger.cpp:670
	rcsc/common/logger.h:57
	rcsc/common/logger.h:58
	rcsc/common/logger.h:59
	rcsc/common/logger.h:60
	rcsc/common/logger.h:61
	rcsc/common/logger.h:62
	rcsc/common/logger.h:63
	rcsc/common/logger.h:64
	rcsc/common/logger.h:65
	rcsc/common/logger.h:66
	rcsc/common/logger.h:67
	rcsc/common/logger.h:68
	rcsc/common/logger.h:69
	rcsc/common/logger.h:70
	rcsc/common/logger.h:71
	rcsc/common/logger.h:72
	rcsc/common/logger.h:73
	rcsc/common/logger.h:74
	rcsc/common/logger.h:75
	rcsc/common/logger.h:76
	rcsc/common/logger.h:77
	rcsc/common/logger.h:78
	rcsc/common/logger.h:79
	rcsc/common/logger.h:80
	rcsc/common/logger.h:81
	rcsc/common/logger.h:82
	rcsc/common/logger.h:83
	rcsc/common/logger.h:84
	rcsc/common/logger.h:85
	rcsc/common/logger.h:86
	rcsc/common/logger.h:87
	rcsc/common/logger.h:88
	rcsc/common/logger.h:89
	rcsc/common/logger.h:90
	rcsc/common/logger.h:121
	rcsc/common/logger.h:122
	rcsc/common/logger.h:123
	rcsc/common/logger.h:124
	rcsc/common/logger.h:125
	rcsc/common/logger.h:126
	rcsc/common/logger.h:127
	rcsc/common/logger.h:128
	rcsc/common/logger.h:129
	rcsc/common/logger.h:130
	rcsc/common/logger.h:131
	rcsc/common/logger.h:132
	rcsc/common/logger.h:133
	rcsc/common/logger.h:134
	rcsc/common/logger.h:135
	rcsc/common/logger.h:136
	rcsc/common/logger.h:137
	rcsc/common/logger.h:138
	rcsc/common/logger.h:139
	rcsc/common/logger.h:140
	rcsc/common/logger.h:141
	rcsc/common/logger.h:152
	rcsc/common/logger.h:172
	rcsc/common/logger.h:180
	rcsc/common/logger.h:215
	rcsc/common/logger.h:226
	rcsc/common/logger.h:237
	rcsc/common/logger.h:253
	rcsc/common/logger.h:266
	rcsc/common/logger.h:282
	rcsc/common/logger.h:296
	rcsc/common/logger.h:315
	rcsc/common/logger.h:331
	rcsc/common/logger.h:349
	rcsc/common/logger.h:366
	rcsc/common/logger.h:388
	rcsc/common/logger.h:407
	rcsc/common/logger.h:426
	rcsc/common/logger.h:441
	rcsc/common/logger.h:457
	rcsc/common/logger.h:476
	rcsc/common/logger.h:493
	rcsc/common/logger.h:511
	rcsc/common/logger.h:534
	rcsc/common/logger.h:553
	rcsc/common/logger.h:575
	rcsc/common/logger.h:602
	rcsc/common/logger.h:623
	rcsc/common/logger.h:647
	rcsc/common/logger.h:670
	rcsc/common/logger.h:685
	rcsc/common/logger.h:709
	rcsc/common/logger.h:726
	rcsc/common/logger.h:750
	rcsc/common/logger.h:771
	rcsc/common/logger.h:801
	rcsc/common/logger.h:824
	rcsc/common/logger.h:847
	rcsc/common/logger.h:861
	rcsc/common/logger.h:874
	rcsc/common/logger.h:887
	rcsc/common/logger.h:907
	rcsc/common/logger.h:922
	rcsc/common/audio_codec.cpp:344
	rcsc/common/audio_codec.cpp:347
	rcsc/common/audio_codec.cpp:354
	rcsc/common/audio_codec.cpp:364
	rcsc/common/audio_codec.cpp:375
	rcsc/common/audio_codec.cpp:380
	rcsc/common/audio_codec.cpp:386
	rcsc/common/audio_codec.cpp:396
	rcsc/common/audio_codec.cpp:399
	rcsc/common/audio_codec.cpp:406
	rcsc/common/audio_codec.cpp:416
	rcsc/common/audio_codec.cpp:427
	rcsc/common/audio_codec.cpp:432
	rcsc/common/audio_codec.cpp:438
	rcsc/common/audio_codec.cpp:447
	rcsc/common/audio_codec.cpp:453
	rcsc/common/audio_codec.cpp:465
	rcsc/common/audio_codec.cpp:478
	rcsc/common/audio_codec.cpp:489
	rcsc/common/audio_codec.cpp:499
	rcsc/common/audio_codec.cpp:505
	rcsc/common/audio_codec.cpp:548
	rcsc/common/audio_codec.cpp:562
	rcsc/common/audio_codec.cpp:590
	rcsc/common/audio_codec.cpp:639
	rcsc/common/audio_codec.cpp:639
	rcsc/rcg/types.h:50
	rcsc/rcg/types.h:52
autoscan: warning: missing AC_TYPE_INT64_T wanted by: 
	rcsc/common/say_message_parser.cpp:393
	rcsc/common/say_message_parser.cpp:488
	rcsc/common/say_message_parser.cpp:935
	rcsc/common/say_message_parser.cpp:955
	rcsc/common/say_message_parser.cpp:955
	rcsc/common/say_message_parser.cpp:959
	rcsc/common/say_message_parser.cpp:1013
	rcsc/common/say_message_parser.cpp:1119
	rcsc/common/say_message_parser.cpp:1206
	rcsc/common/say_message_parser.cpp:1315
	rcsc/common/say_message_parser.cpp:1437
	rcsc/common/say_message_parser.cpp:1533
	rcsc/common/say_message_parser.cpp:1627
	rcsc/common/say_message_parser.cpp:1732
	rcsc/common/audio_codec.h:213
	rcsc/common/audio_codec.h:216
	rcsc/common/audio_codec.h:233
	rcsc/common/audio_codec.h:244
	rcsc/common/audio_codec.cpp:103
	rcsc/common/audio_codec.cpp:106
	rcsc/common/audio_codec.cpp:123
	rcsc/common/audio_codec.cpp:139
	rcsc/common/audio_codec.cpp:157
	rcsc/common/audio_codec.cpp:186
	rcsc/common/audio_codec.cpp:193
	rcsc/common/audio_codec.cpp:240
	rcsc/common/audio_codec.cpp:247
	rcsc/common/audio_codec.cpp:267
	rcsc/common/audio_codec.cpp:268
	rcsc/common/audio_codec.cpp:519
	rcsc/common/audio_codec.cpp:541
	rcsc/common/audio_codec.cpp:564
	rcsc/common/audio_codec.cpp:581
	rcsc/common/audio_codec.cpp:610
	rcsc/common/audio_codec.cpp:613
	rcsc/common/audio_codec.cpp:632
	rcsc/player/say_message_builder.cpp:234
	rcsc/player/say_message_builder.cpp:241
	rcsc/player/say_message_builder.cpp:244
	rcsc/player/say_message_builder.cpp:247
	rcsc/player/say_message_builder.cpp:325
	rcsc/player/say_message_builder.cpp:332
	rcsc/player/say_message_builder.cpp:335
	rcsc/player/say_message_builder.cpp:338
	rcsc/player/say_message_builder.cpp:347
	rcsc/player/say_message_builder.cpp:350
	rcsc/player/say_message_builder.cpp:790
	rcsc/player/say_message_builder.cpp:794
	rcsc/player/say_message_builder.cpp:796
	rcsc/player/say_message_builder.cpp:798
	rcsc/player/say_message_builder.cpp:799
	rcsc/player/say_message_builder.cpp:882
	rcsc/player/say_message_builder.cpp:887
	rcsc/player/say_message_builder.cpp:891
	rcsc/player/say_message_builder.cpp:897
	rcsc/player/say_message_builder.cpp:901
	rcsc/player/say_message_builder.cpp:911
	rcsc/player/say_message_builder.cpp:915
	rcsc/player/say_message_builder.cpp:919
	rcsc/player/say_message_builder.cpp:1000
	rcsc/player/say_message_builder.cpp:1008
	rcsc/player/say_message_builder.cpp:1011
	rcsc/player/say_message_builder.cpp:1091
	rcsc/player/say_message_builder.cpp:1113
	rcsc/player/say_message_builder.cpp:1117
	rcsc/player/say_message_builder.cpp:1217
	rcsc/player/say_message_builder.cpp:1239
	rcsc/player/say_message_builder.cpp:1243
	rcsc/player/say_message_builder.cpp:1331
	rcsc/player/say_message_builder.cpp:1336
	rcsc/player/say_message_builder.cpp:1340
	rcsc/player/say_message_builder.cpp:1344
	rcsc/player/say_message_builder.cpp:1348
	rcsc/player/say_message_builder.cpp:1425
	rcsc/player/say_message_builder.cpp:1432
	rcsc/player/say_message_builder.cpp:1436
	rcsc/player/say_message_builder.cpp:1440
	rcsc/player/say_message_builder.cpp:1517
	rcsc/player/say_message_builder.cpp:1524
	rcsc/player/say_message_builder.cpp:1528
	rcsc/player/say_message_builder.cpp:1532
	rcsc/player/say_message_builder.cpp:1639
	rcsc/player/say_message_builder.cpp:1646
	rcsc/player/say_message_builder.cpp:1650
	rcsc/player/say_message_builder.cpp:1654
autoscan: warning: missing AC_TYPE_UINT16_T wanted by: 
	rcsc/rcg/types.h:48
